Build started 2022-01-15 오전 11:29:41.
     1>Project "C:\Users\Admin\Desktop\01.14\Rockman\Rockman.vcxproj" on node 2 (Build target(s)).
     1>ClCompile:
         C:\Program Files (x86)\Microsoft Visual Studio 14.0\VC\bin\CL.exe /c /ZI /nologo /W3 /WX- /sdl /Od /Oy- /D WIN32 /D _DEBUG /D _WINDOWS /D _UNICODE /D UNICODE /Gm /EHsc /RTC1 /MDd /GS /fp:precise /Zc:wchar_t /Zc:forScope /Zc:inline /Yu"stdafx.h" /Fp"Debug\Rockman.pch" /Fo"Debug\\" /Fd"Debug\vc140.pdb" /Gd /TP /analyze- /errorReport:prompt BossStage.cpp Player.cpp
         Player.cpp
         BossStage.cpp
         Generating Code...
       Link:
         C:\Program Files (x86)\Microsoft Visual Studio 14.0\VC\bin\link.exe /ERRORREPORT:PROMPT /OUT:"C:\Users\Admin\Desktop\01.14\Debug\Rockman.exe" /INCREMENTAL /NOLOGO kernel32.lib user32.lib gdi32.lib winspool.lib comdlg32.lib advapi32.lib shell32.lib ole32.lib oleaut32.lib uuid.lib odbc32.lib odbccp32.lib /MANIFEST /MANIFESTUAC:"level='asInvoker' uiAccess='false'" /manifest:embed /Debug /PDB:"C:\Users\Admin\Desktop\01.14\Debug\Rockman.pdb" /SUBSYSTEM:WINDOWS /TLBID:1 /DYNAMICBASE /NXCOMPAT /IMPLIB:"C:\Users\Admin\Desktop\01.14\Debug\Rockman.lib" /MACHINE:X86 Debug\Rockman.res
         Debug\BmpMgr.obj
         Debug\BossBullet.obj
         Debug\BossHp.obj
         Debug\BossStage.obj
         Debug\Boss_Attack.obj
         Debug\Boss_obs.obj
         Debug\Bullet.obj
         Debug\BulletEffect.obj
         Debug\Button.obj
         Debug\ChargeEffect.obj
         Debug\CollisionMgr.obj
         Debug\DashEffect.obj
         Debug\Ending.obj
         Debug\ExplosionEffect.obj
         Debug\FullCharge.obj
         Debug\Gunman.obj
         Debug\KeyMgr.obj
         Debug\LineMgr.obj
         Debug\Loading.obj
         Debug\Logo.obj
         Debug\MainGame.obj
         Debug\MapObj.obj
         Debug\MediumBullet.obj
         Debug\MegaBullet.obj
         Debug\Menu.obj
         Debug\MiddleCharge.obj
         Debug\Monster.obj
         Debug\Monster_Boomb.obj
         Debug\MyBitMap.obj
         Debug\MyLine.obj
         Debug\Obj.obj
         Debug\ObjMgr.obj
         Debug\Player.obj
         Debug\PlayerHP.obj
         Debug\Rockman.obj
         Debug\SceneMgr.obj
         Debug\Scene.obj
         Debug\ScrollMgr.obj
         Debug\SelectButton.obj
         Debug\ST1Boss.obj
         Debug\Stage.obj
         Debug\stdafx.obj
         Debug\Tile.obj
         Debug\TileMgr.obj
         Debug\UIMgr.obj
         Debug\Zero.obj
         Rockman.vcxproj -> C:\Users\Admin\Desktop\01.14\Debug\Rockman.exe
     1>Done Building Project "C:\Users\Admin\Desktop\01.14\Rockman\Rockman.vcxproj" (Build target(s)).

Build succeeded.

Time Elapsed 00:00:01.17
